  [1m[35m (230.3ms)[0m  [1m[35mCREATE DATABASE "art_marks_app_api_development" ENCODING = 'unicode'[0m
  [1m[35m (119.9ms)[0m  [1m[35mCREATE DATABASE "art_marks_app_api_test" ENCODING = 'unicode'[0m
  [1m[35m (41.2ms)[0m  [1m[35mCREATE TABLE "schema_migrations" ("version" character varying NOT NULL PRIMARY KEY)[0m
  [1m[35m (12.1ms)[0m  [1m[35mCREATE TABLE "ar_internal_metadata" ("key" character varying NOT NULL PRIMARY KEY, "value" character varying, "created_at" timestamp(6) NOT NULL, "updated_at" timestamp(6) NOT NULL)[0m
  [1m[35m (2.9ms)[0m  [1m[34mSELECT pg_try_advisory_lock(4990458162291929250)[0m
  [1m[35m (2.9ms)[0m  [1m[34mSELECT "schema_migrations"."version" FROM "schema_migrations" ORDER BY "schema_migrations"."version" ASC[0m
Migrating to CreateBookmarks (20200204223224)
  [1m[35m (2.3ms)[0m  [1m[35mBEGIN[0m
  [1m[35m (18.1ms)[0m  [1m[35mCREATE TABLE "bookmarks" ("id" bigserial primary key, "site_name" character varying, "category" character varying, "url" character varying, "img" character varying, "description" character varying, "created_at" timestamp(6) NOT NULL, "updated_at" timestamp(6) NOT NULL)[0m
  [1m[36mprimary::SchemaMigration Create (4.6ms)[0m  [1m[32mINSERT INTO "schema_migrations" ("version") VALUES ($1) RETURNING "version"[0m  [["version", "20200204223224"]]
  [1m[35m (2.1ms)[0m  [1m[35mCOMMIT[0m
  [1m[36mActiveRecord::InternalMetadata Load (0.4ms)[0m  [1m[34mSELECT "ar_internal_metadata".* FROM "ar_internal_metadata" WHERE "ar_internal_metadata"."key" = $1 LIMIT $2[0m  [["key", "environment"], ["LIMIT", 1]]
  [1m[35m (0.3ms)[0m  [1m[35mBEGIN[0m
  [1m[36mActiveRecord::InternalMetadata Create (3.2ms)[0m  [1m[32mINSERT INTO "ar_internal_metadata" ("key", "value", "created_at", "updated_at") VALUES ($1, $2, $3, $4) RETURNING "key"[0m  [["key", "environment"], ["value", "development"], ["created_at", "2020-02-04 22:33:16.339470"], ["updated_at", "2020-02-04 22:33:16.339470"]]
  [1m[35m (2.3ms)[0m  [1m[35mCOMMIT[0m
  [1m[35m (0.3ms)[0m  [1m[34mSELECT pg_advisory_unlock(4990458162291929250)[0m
  [1m[35m (4.8ms)[0m  [1m[34mSELECT "schema_migrations"."version" FROM "schema_migrations" ORDER BY "schema_migrations"."version" ASC[0m
  [1m[35m (1.5ms)[0m  [1m[34mSELECT "schema_migrations"."version" FROM "schema_migrations" ORDER BY "schema_migrations"."version" ASC[0m
  [1m[36mBookmark Load (2.7ms)[0m  [1m[34mSELECT "bookmarks".* FROM "bookmarks" LIMIT $1[0m  [["LIMIT", 11]]
  [1m[36mBookmark Load (0.4ms)[0m  [1m[34mSELECT "bookmarks".* FROM "bookmarks" LIMIT $1[0m  [["LIMIT", 11]]
  [1m[36mBookmark Load (0.7ms)[0m  [1m[34mSELECT "bookmarks".* FROM "bookmarks" WHERE "bookmarks"."id" = $1 LIMIT $2[0m  [["id", 1], ["LIMIT", 1]]
Started GET "/" for ::1 at 2020-02-04 14:55:33 -0800
  [1m[35m (1.5ms)[0m  [1m[34mSELECT "schema_migrations"."version" FROM "schema_migrations" ORDER BY "schema_migrations"."version" ASC[0m
Processing by Rails::WelcomeController#index as HTML
  Rendering /Users/carolinenolasco/.rbenv/versions/2.7.0/lib/ruby/gems/2.7.0/gems/railties-6.0.2.1/lib/rails/templates/rails/welcome/index.html.erb
  Rendered /Users/carolinenolasco/.rbenv/versions/2.7.0/lib/ruby/gems/2.7.0/gems/railties-6.0.2.1/lib/rails/templates/rails/welcome/index.html.erb (Duration: 31.0ms | Allocations: 407)
Completed 200 OK in 60ms (Views: 43.7ms | ActiveRecord: 0.0ms | Allocations: 2221)


Started GET "/favicon.ico" for ::1 at 2020-02-04 14:55:34 -0800
  
ActionController::RoutingError (No route matches [GET] "/favicon.ico"):
  
actionpack (6.0.2.1) lib/action_dispatch/middleware/debug_exceptions.rb:36:in `call'
actionpack (6.0.2.1) lib/action_dispatch/middleware/show_exceptions.rb:33:in `call'
railties (6.0.2.1) lib/rails/rack/logger.rb:38:in `call_app'
railties (6.0.2.1) lib/rails/rack/logger.rb:26:in `block in call'
activesupport (6.0.2.1) lib/active_support/tagged_logging.rb:80:in `block in tagged'
activesupport (6.0.2.1) lib/active_support/tagged_logging.rb:28:in `tagged'
activesupport (6.0.2.1) lib/active_support/tagged_logging.rb:80:in `tagged'
railties (6.0.2.1) lib/rails/rack/logger.rb:26:in `call'
actionpack (6.0.2.1) lib/action_dispatch/middleware/remote_ip.rb:81:in `call'
actionpack (6.0.2.1) lib/action_dispatch/middleware/request_id.rb:27:in `call'
rack (2.1.2) lib/rack/runtime.rb:24:in `call'
activesupport (6.0.2.1) lib/active_support/cache/strategy/local_cache_middleware.rb:29:in `call'
actionpack (6.0.2.1) lib/action_dispatch/middleware/executor.rb:14:in `call'
actionpack (6.0.2.1) lib/action_dispatch/middleware/static.rb:126:in `call'
rack (2.1.2) lib/rack/sendfile.rb:113:in `call'
actionpack (6.0.2.1) lib/action_dispatch/middleware/host_authorization.rb:83:in `call'
railties (6.0.2.1) lib/rails/engine.rb:526:in `call'
puma (4.3.1) lib/puma/configuration.rb:228:in `call'
puma (4.3.1) lib/puma/server.rb:681:in `handle_request'
puma (4.3.1) lib/puma/server.rb:472:in `process_client'
puma (4.3.1) lib/puma/server.rb:328:in `block in run'
puma (4.3.1) lib/puma/thread_pool.rb:134:in `block in spawn_thread'
Started GET "/bookmarks" for ::1 at 2020-02-04 14:55:45 -0800
Processing by BookmarksController#index as HTML
  [1m[36mBookmark Load (3.5ms)[0m  [1m[34mSELECT "bookmarks".* FROM "bookmarks"[0m
  ↳ app/controllers/bookmarks_controller.rb:8:in `index'
Completed 200 OK in 28ms (Views: 11.3ms | ActiveRecord: 13.4ms | Allocations: 1779)


  [1m[35m (1.0ms)[0m  [1m[34mSELECT "schema_migrations"."version" FROM "schema_migrations" ORDER BY "schema_migrations"."version" ASC[0m
  [1m[35m (0.2ms)[0m  [1m[35mBEGIN[0m
  [1m[36mBookmark Create (3.3ms)[0m  [1m[32mINSERT INTO "bookmarks" ("site_name", "category", "url", "img", "description", "created_at", "updated_at") VALUES ($1, $2, $3, $4, $5, $6, $7) RETURNING "id"[0m  [["site_name", "Class 101"], ["category", "Paid courses"], ["url", "https://en.class101.net/"], ["img", "https://i.imgur.com/exHWnIY.png"], ["description", "Korea based programs for a variety of art and cooking interests. Paid."], ["created_at", "2020-02-04 22:57:05.702166"], ["updated_at", "2020-02-04 22:57:05.702166"]]
  [1m[35m (0.9ms)[0m  [1m[35mCOMMIT[0m
  [1m[35m (0.1ms)[0m  [1m[35mBEGIN[0m
  [1m[36mBookmark Create (0.3ms)[0m  [1m[32mINSERT INTO "bookmarks" ("site_name", "category", "url", "img", "description", "created_at", "updated_at") VALUES ($1, $2, $3, $4, $5, $6, $7) RETURNING "id"[0m  [["site_name", "Art Station"], ["category", "Portfolio & Workshops"], ["url", "https://www.artstation.com/"], ["img", "https://i.imgur.com/8zHMS4v.png"], ["description", "Offers paid workshops in a variety of art fields, both traditional and ditial."], ["created_at", "2020-02-04 22:57:05.710700"], ["updated_at", "2020-02-04 22:57:05.710700"]]
  [1m[35m (1.9ms)[0m  [1m[35mCOMMIT[0m
  [1m[35m (0.1ms)[0m  [1m[35mBEGIN[0m
  [1m[36mBookmark Create (0.3ms)[0m  [1m[32mINSERT INTO "bookmarks" ("site_name", "category", "url", "img", "description", "created_at", "updated_at") VALUES ($1, $2, $3, $4, $5, $6, $7) RETURNING "id"[0m  [["site_name", "New Masters Academy"], ["category", "Online Workshops"], ["url", "https://www.nma.art/"], ["img", "https://i.imgur.com/Fqik7Ak.png"], ["description", "Offers different levels of paid subscriptions for classes and even personaly mentorying. Main focus is traditional."], ["created_at", "2020-02-04 22:57:05.716129"], ["updated_at", "2020-02-04 22:57:05.716129"]]
  [1m[35m (2.1ms)[0m  [1m[35mCOMMIT[0m
  [1m[35m (0.2ms)[0m  [1m[35mBEGIN[0m
  [1m[36mBookmark Create (0.4ms)[0m  [1m[32mINSERT INTO "bookmarks" ("site_name", "category", "url", "img", "description", "created_at", "updated_at") VALUES ($1, $2, $3, $4, $5, $6, $7) RETURNING "id"[0m  [["site_name", "Cube Brush"], ["category", "Online Tools & Resources"], ["url", "https://cubebrush.co"], ["img", "https://i.imgur.com/6PRPFYG.png"], ["description", "Mainly a resource site but features many (paid) tutorials. Focus is on 3D digitial sculping but art fundamentals exist."], ["created_at", "2020-02-04 22:57:05.721663"], ["updated_at", "2020-02-04 22:57:05.721663"]]
  [1m[35m (2.3ms)[0m  [1m[35mCOMMIT[0m
  [1m[35m (0.2ms)[0m  [1m[35mBEGIN[0m
  [1m[36mBookmark Create (0.3ms)[0m  [1m[32mINSERT INTO "bookmarks" ("site_name", "category", "url", "img", "description", "created_at", "updated_at") VALUES ($1, $2, $3, $4, $5, $6, $7) RETURNING "id"[0m  [["site_name", "How to Draw Comics"], ["category", "Videos, podcasts, and tutorials"], ["url", "https://www.howtodrawcomics.net/"], ["img", "https://i.imgur.com/YsI8dBZ.png"], ["description", "Main focus is comics, digital & tradtionals. Focuss on tutorials and classes, some are free, some are paid."], ["created_at", "2020-02-04 22:57:05.728937"], ["updated_at", "2020-02-04 22:57:05.728937"]]
  [1m[35m (5.0ms)[0m  [1m[35mCOMMIT[0m
Started GET "/bookmarks" for ::1 at 2020-02-04 14:57:20 -0800
  [1m[35m (0.9ms)[0m  [1m[34mSELECT "schema_migrations"."version" FROM "schema_migrations" ORDER BY "schema_migrations"."version" ASC[0m
Processing by BookmarksController#index as HTML
  [1m[36mBookmark Load (3.5ms)[0m  [1m[34mSELECT "bookmarks".* FROM "bookmarks"[0m
  ↳ app/controllers/bookmarks_controller.rb:8:in `index'
Completed 200 OK in 36ms (Views: 20.7ms | ActiveRecord: 14.5ms | Allocations: 6270)


Started GET "/bookmarks" for ::1 at 2020-02-04 15:02:41 -0800
  [1m[35m (2.5ms)[0m  [1m[34mSELECT "schema_migrations"."version" FROM "schema_migrations" ORDER BY "schema_migrations"."version" ASC[0m
Processing by BookmarksController#index as HTML
  [1m[36mBookmark Load (0.8ms)[0m  [1m[34mSELECT "bookmarks".* FROM "bookmarks"[0m
  ↳ app/controllers/bookmarks_controller.rb:8:in `index'
Completed 200 OK in 31ms (Views: 17.6ms | ActiveRecord: 11.4ms | Allocations: 6270)


Started GET "/bookmarks/1" for ::1 at 2020-02-04 15:02:44 -0800
  
ActionController::RoutingError (No route matches [GET] "/bookmarks/1"):
  
actionpack (6.0.2.1) lib/action_dispatch/middleware/debug_exceptions.rb:36:in `call'
actionpack (6.0.2.1) lib/action_dispatch/middleware/show_exceptions.rb:33:in `call'
railties (6.0.2.1) lib/rails/rack/logger.rb:38:in `call_app'
railties (6.0.2.1) lib/rails/rack/logger.rb:26:in `block in call'
activesupport (6.0.2.1) lib/active_support/tagged_logging.rb:80:in `block in tagged'
activesupport (6.0.2.1) lib/active_support/tagged_logging.rb:28:in `tagged'
activesupport (6.0.2.1) lib/active_support/tagged_logging.rb:80:in `tagged'
railties (6.0.2.1) lib/rails/rack/logger.rb:26:in `call'
actionpack (6.0.2.1) lib/action_dispatch/middleware/remote_ip.rb:81:in `call'
actionpack (6.0.2.1) lib/action_dispatch/middleware/request_id.rb:27:in `call'
rack (2.1.2) lib/rack/runtime.rb:24:in `call'
activesupport (6.0.2.1) lib/active_support/cache/strategy/local_cache_middleware.rb:29:in `call'
actionpack (6.0.2.1) lib/action_dispatch/middleware/executor.rb:14:in `call'
actionpack (6.0.2.1) lib/action_dispatch/middleware/static.rb:126:in `call'
rack (2.1.2) lib/rack/sendfile.rb:113:in `call'
actionpack (6.0.2.1) lib/action_dispatch/middleware/host_authorization.rb:83:in `call'
railties (6.0.2.1) lib/rails/engine.rb:526:in `call'
puma (4.3.1) lib/puma/configuration.rb:228:in `call'
puma (4.3.1) lib/puma/server.rb:681:in `handle_request'
puma (4.3.1) lib/puma/server.rb:472:in `process_client'
puma (4.3.1) lib/puma/server.rb:328:in `block in run'
puma (4.3.1) lib/puma/thread_pool.rb:134:in `block in spawn_thread'
Started GET "/bookmarks" for ::1 at 2020-02-04 15:04:30 -0800
  [1m[35m (0.9ms)[0m  [1m[34mSELECT "schema_migrations"."version" FROM "schema_migrations" ORDER BY "schema_migrations"."version" ASC[0m
Processing by BookmarksController#index as HTML
  [1m[36mBookmark Load (0.7ms)[0m  [1m[34mSELECT "bookmarks".* FROM "bookmarks"[0m
  ↳ app/controllers/bookmarks_controller.rb:8:in `index'
Completed 200 OK in 38ms (Views: 23.3ms | ActiveRecord: 13.6ms | Allocations: 6286)


Started GET "/bookmarks?bookmark[id]=1" for ::1 at 2020-02-04 15:05:10 -0800
Processing by BookmarksController#index as */*
  Parameters: {"bookmark"=>{"id"=>"1"}}
  [1m[36mBookmark Load (1.0ms)[0m  [1m[34mSELECT "bookmarks".* FROM "bookmarks"[0m
  ↳ app/controllers/bookmarks_controller.rb:8:in `index'
Completed 200 OK in 5ms (Views: 3.6ms | ActiveRecord: 1.0ms | Allocations: 1565)


Started GET "/bookmarks?bookmark[site_name]=%22Class%20101%22" for ::1 at 2020-02-04 15:05:27 -0800
Processing by BookmarksController#index as */*
  Parameters: {"bookmark"=>{"site_name"=>"\"Class 101\""}}
  [1m[36mBookmark Load (4.2ms)[0m  [1m[34mSELECT "bookmarks".* FROM "bookmarks"[0m
  ↳ app/controllers/bookmarks_controller.rb:8:in `index'
Completed 200 OK in 7ms (Views: 2.4ms | ActiveRecord: 4.2ms | Allocations: 1565)


Started GET "/bookmarks" for ::1 at 2020-02-04 15:06:36 -0800
Processing by BookmarksController#index as */*
  [1m[36mBookmark Load (1.6ms)[0m  [1m[34mSELECT "bookmarks".* FROM "bookmarks"[0m
  ↳ app/controllers/bookmarks_controller.rb:8:in `index'
Completed 200 OK in 6ms (Views: 3.7ms | ActiveRecord: 1.6ms | Allocations: 1564)


Started POST "/bookmarks" for ::1 at 2020-02-04 15:08:25 -0800
Processing by BookmarksController#create as */*
  Parameters: {"bookmark"=>{"site_name"=>"\"efregregergerd\"", "category"=>"\"dsfngjkgrje\"", "url"=>"\"fewfjkrsgrk\"", "img"=>"\"sfjkrgkreg\"", "description"=>"\"ewjfkewnjkfrefre\""}, "text/plain"=>[""]}
  [1m[35m (0.2ms)[0m  [1m[35mBEGIN[0m
  ↳ app/controllers/bookmarks_controller.rb:15:in `create'
  [1m[36mBookmark Create (1.3ms)[0m  [1m[32mINSERT INTO "bookmarks" ("site_name", "category", "url", "img", "description", "created_at", "updated_at") VALUES ($1, $2, $3, $4, $5, $6, $7) RETURNING "id"[0m  [["site_name", "\"efregregergerd\""], ["category", "\"dsfngjkgrje\""], ["url", "\"fewfjkrsgrk\""], ["img", "\"sfjkrgkreg\""], ["description", "\"ewjfkewnjkfrefre\""], ["created_at", "2020-02-04 23:08:25.708117"], ["updated_at", "2020-02-04 23:08:25.708117"]]
  ↳ app/controllers/bookmarks_controller.rb:15:in `create'
  [1m[35m (2.8ms)[0m  [1m[35mCOMMIT[0m
  ↳ app/controllers/bookmarks_controller.rb:15:in `create'
Completed 201 Created in 58ms (Views: 1.5ms | ActiveRecord: 4.3ms | Allocations: 2667)


Started GET "/bookmarks" for ::1 at 2020-02-04 15:08:30 -0800
Processing by BookmarksController#index as HTML
  [1m[36mBookmark Load (0.5ms)[0m  [1m[34mSELECT "bookmarks".* FROM "bookmarks"[0m
  ↳ app/controllers/bookmarks_controller.rb:8:in `index'
Completed 200 OK in 6ms (Views: 5.1ms | ActiveRecord: 0.5ms | Allocations: 1709)


Started GET "/bookmarks" for ::1 at 2020-02-04 15:12:52 -0800
  [1m[35m (1.0ms)[0m  [1m[34mSELECT "schema_migrations"."version" FROM "schema_migrations" ORDER BY "schema_migrations"."version" ASC[0m
Processing by BookmarksController#index as HTML
  [1m[36mBookmark Load (0.8ms)[0m  [1m[34mSELECT "bookmarks".* FROM "bookmarks"[0m
  ↳ app/controllers/bookmarks_controller.rb:8:in `index'
Completed 200 OK in 38ms (Views: 25.7ms | ActiveRecord: 10.2ms | Allocations: 6432)


Started PUT "/bookmarks/6?bookmark[site_name]=%22Bleep%22" for ::1 at 2020-02-04 15:15:19 -0800
Processing by BookmarksController#update as */*
  Parameters: {"bookmark"=>{"site_name"=>"\"Bleep\""}, "id"=>"6"}
  [1m[36mBookmark Load (0.5ms)[0m  [1m[34mSELECT "bookmarks".* FROM "bookmarks" WHERE "bookmarks"."id" = $1 LIMIT $2[0m  [["id", 6], ["LIMIT", 1]]
  ↳ app/controllers/bookmarks_controller.rb:37:in `set_bookmark'
  [1m[35m (0.2ms)[0m  [1m[35mBEGIN[0m
  ↳ app/controllers/bookmarks_controller.rb:24:in `update'
  [1m[36mBookmark Update (4.1ms)[0m  [1m[33mUPDATE "bookmarks" SET "site_name" = $1, "updated_at" = $2 WHERE "bookmarks"."id" = $3[0m  [["site_name", "\"Bleep\""], ["updated_at", "2020-02-04 23:15:20.082912"], ["id", 6]]
  ↳ app/controllers/bookmarks_controller.rb:24:in `update'
  [1m[35m (2.4ms)[0m  [1m[35mCOMMIT[0m
  ↳ app/controllers/bookmarks_controller.rb:24:in `update'
Completed 500 Internal Server Error in 160ms (ActiveRecord: 15.7ms | Allocations: 45571)


  
NameError (undefined local variable or method `bookmark' for #<BookmarksController:0x00007fb6354c3f68>
Did you mean?  @bookmark):
  
app/controllers/bookmarks_controller.rb:25:in `update'
Started GET "/bookmarks" for ::1 at 2020-02-04 15:15:53 -0800
  [1m[35m (1.4ms)[0m  [1m[34mSELECT "schema_migrations"."version" FROM "schema_migrations" ORDER BY "schema_migrations"."version" ASC[0m
Processing by BookmarksController#index as HTML
  [1m[36mBookmark Load (1.0ms)[0m  [1m[34mSELECT "bookmarks".* FROM "bookmarks"[0m
  ↳ app/controllers/bookmarks_controller.rb:8:in `index'
Completed 200 OK in 39ms (Views: 25.8ms | ActiveRecord: 12.1ms | Allocations: 6432)


Started PUT "/bookmarks/6?bookmark[site_name]=%22Bleep%22" for ::1 at 2020-02-04 15:16:00 -0800
Processing by BookmarksController#update as */*
  Parameters: {"bookmark"=>{"site_name"=>"\"Bleep\""}, "id"=>"6"}
  [1m[36mBookmark Load (2.5ms)[0m  [1m[34mSELECT "bookmarks".* FROM "bookmarks" WHERE "bookmarks"."id" = $1 LIMIT $2[0m  [["id", 6], ["LIMIT", 1]]
  ↳ app/controllers/bookmarks_controller.rb:37:in `set_bookmark'
Completed 500 Internal Server Error in 164ms (ActiveRecord: 10.4ms | Allocations: 39443)


  
NameError (undefined local variable or method `bookmark' for #<BookmarksController:0x00007fa778d2e8b8>
Did you mean?  @bookmark):
  
app/controllers/bookmarks_controller.rb:25:in `update'
Started PUT "/bookmarks/6?bookmark[site_name]=%22Bleep%22" for ::1 at 2020-02-04 15:17:49 -0800
  [1m[35m (1.1ms)[0m  [1m[34mSELECT "schema_migrations"."version" FROM "schema_migrations" ORDER BY "schema_migrations"."version" ASC[0m
Processing by BookmarksController#update as */*
  Parameters: {"bookmark"=>{"site_name"=>"\"Bleep\""}, "id"=>"6"}
  [1m[36mBookmark Load (0.6ms)[0m  [1m[34mSELECT "bookmarks".* FROM "bookmarks" WHERE "bookmarks"."id" = $1 LIMIT $2[0m  [["id", 6], ["LIMIT", 1]]
  ↳ app/controllers/bookmarks_controller.rb:37:in `set_bookmark'
Completed 200 OK in 30ms (Views: 0.9ms | ActiveRecord: 8.6ms | Allocations: 6151)


Started DELETE "/bookmarks/6" for ::1 at 2020-02-04 15:18:08 -0800
Processing by BookmarksController#destroy as */*
  Parameters: {"id"=>"6"}
  [1m[36mBookmark Load (8.4ms)[0m  [1m[34mSELECT "bookmarks".* FROM "bookmarks" WHERE "bookmarks"."id" = $1 LIMIT $2[0m  [["id", 6], ["LIMIT", 1]]
  ↳ app/controllers/bookmarks_controller.rb:37:in `set_bookmark'
Completed 500 Internal Server Error in 12ms (ActiveRecord: 8.4ms | Allocations: 640)


  
ArgumentError (wrong number of arguments (given 1, expected 0)):
  
app/controllers/bookmarks_controller.rb:30:in `destroy'
Started DELETE "/bookmarks/6" for ::1 at 2020-02-04 15:19:43 -0800
  [1m[35m (0.9ms)[0m  [1m[34mSELECT "schema_migrations"."version" FROM "schema_migrations" ORDER BY "schema_migrations"."version" ASC[0m
Processing by BookmarksController#destroy as */*
  Parameters: {"id"=>"6"}
  [1m[36mBookmark Load (0.6ms)[0m  [1m[34mSELECT "bookmarks".* FROM "bookmarks" WHERE "bookmarks"."id" = $1 LIMIT $2[0m  [["id", 6], ["LIMIT", 1]]
  ↳ app/controllers/bookmarks_controller.rb:37:in `set_bookmark'
Completed 500 Internal Server Error in 89ms (ActiveRecord: 8.7ms | Allocations: 43735)


  
NameError (undefined local variable or method `bookmark' for #<BookmarksController:0x00007fafe77d3bf8>
Did you mean?  @bookmark):
  
app/controllers/bookmarks_controller.rb:30:in `destroy'
Started DELETE "/bookmarks/6" for ::1 at 2020-02-04 15:20:18 -0800
  [1m[35m (1.0ms)[0m  [1m[34mSELECT "schema_migrations"."version" FROM "schema_migrations" ORDER BY "schema_migrations"."version" ASC[0m
Processing by BookmarksController#destroy as */*
  Parameters: {"id"=>"6"}
  [1m[36mBookmark Load (0.5ms)[0m  [1m[34mSELECT "bookmarks".* FROM "bookmarks" WHERE "bookmarks"."id" = $1 LIMIT $2[0m  [["id", 6], ["LIMIT", 1]]
  ↳ app/controllers/bookmarks_controller.rb:37:in `set_bookmark'
  [1m[35m (0.2ms)[0m  [1m[35mBEGIN[0m
  ↳ app/controllers/bookmarks_controller.rb:30:in `destroy'
  [1m[36mBookmark Destroy (3.4ms)[0m  [1m[31mDELETE FROM "bookmarks" WHERE "bookmarks"."id" = $1[0m  [["id", 6]]
  ↳ app/controllers/bookmarks_controller.rb:30:in `destroy'
  [1m[35m (2.1ms)[0m  [1m[35mCOMMIT[0m
  ↳ app/controllers/bookmarks_controller.rb:30:in `destroy'
Completed 204 No Content in 69ms (Views: 0.2ms | ActiveRecord: 14.3ms | Allocations: 7345)


Started GET "/bookmarks" for ::1 at 2020-02-04 15:20:29 -0800
Processing by BookmarksController#index as HTML
  [1m[36mBookmark Load (2.8ms)[0m  [1m[34mSELECT "bookmarks".* FROM "bookmarks"[0m
  ↳ app/controllers/bookmarks_controller.rb:8:in `index'
Completed 200 OK in 7ms (Views: 3.7ms | ActiveRecord: 2.8ms | Allocations: 1591)


Started GET "/bookmarks" for ::1 at 2020-02-04 16:03:09 -0800
  [1m[35m (1.0ms)[0m  [1m[34mSELECT "schema_migrations"."version" FROM "schema_migrations" ORDER BY "schema_migrations"."version" ASC[0m
Processing by BookmarksController#index as HTML
Completed 500 Internal Server Error in 19ms (ActiveRecord: 0.0ms | Allocations: 1701)


  
NoMethodError (undefined method `to_sym' for [:site_name, :url, :img, :description, :category]:Array
Did you mean?  to_s
               to_set):
  
app/models/bookmark.rb:2:in `<class:Bookmark>'
app/models/bookmark.rb:1:in `<main>'
app/controllers/bookmarks_controller.rb:6:in `index'
Started GET "/bookmarks" for ::1 at 2020-02-04 16:03:32 -0800
Processing by BookmarksController#index as HTML
  [1m[36mBookmark Load (1.0ms)[0m  [1m[34mSELECT "bookmarks".* FROM "bookmarks"[0m
  ↳ app/controllers/bookmarks_controller.rb:8:in `index'
Completed 200 OK in 40ms (Views: 11.0ms | ActiveRecord: 21.0ms | Allocations: 6423)


Started GET "/bookmarks" for ::1 at 2020-02-04 16:04:46 -0800
  [1m[35m (1.0ms)[0m  [1m[34mSELECT "schema_migrations"."version" FROM "schema_migrations" ORDER BY "schema_migrations"."version" ASC[0m
Processing by BookmarksController#index as HTML
  [1m[36mBookmark Load (0.7ms)[0m  [1m[34mSELECT "bookmarks".* FROM "bookmarks"[0m
  ↳ app/controllers/bookmarks_controller.rb:8:in `index'
Completed 200 OK in 23ms (Views: 13.8ms | ActiveRecord: 8.2ms | Allocations: 6344)


Started GET "/bookmarks" for ::1 at 2020-02-04 20:52:53 -0800
  [1m[35m (5.2ms)[0m  [1m[34mSELECT "schema_migrations"."version" FROM "schema_migrations" ORDER BY "schema_migrations"."version" ASC[0m
Processing by BookmarksController#index as HTML
  [1m[36mBookmark Load (1.2ms)[0m  [1m[34mSELECT "bookmarks".* FROM "bookmarks"[0m
  ↳ app/controllers/bookmarks_controller.rb:8:in `index'
Completed 200 OK in 43ms (Views: 20.8ms | ActiveRecord: 18.8ms | Allocations: 6344)


Started GET "/bookmarks" for ::1 at 2020-02-04 21:07:13 -0800
Processing by BookmarksController#index as */*
  [1m[36mBookmark Load (1.2ms)[0m  [1m[34mSELECT "bookmarks".* FROM "bookmarks"[0m
  ↳ app/controllers/bookmarks_controller.rb:8:in `index'
Completed 200 OK in 11ms (Views: 8.5ms | ActiveRecord: 1.2ms | Allocations: 1634)


Started GET "/bookmarks" for ::1 at 2020-02-04 21:08:22 -0800
  [1m[35m (1.7ms)[0m  [1m[34mSELECT "schema_migrations"."version" FROM "schema_migrations" ORDER BY "schema_migrations"."version" ASC[0m
Processing by BookmarksController#index as */*
  [1m[36mBookmark Load (0.7ms)[0m  [1m[34mSELECT "bookmarks".* FROM "bookmarks"[0m
  ↳ app/controllers/bookmarks_controller.rb:8:in `index'
Completed 200 OK in 29ms (Views: 16.6ms | ActiveRecord: 8.2ms | Allocations: 6346)


Started GET "/bookmarks" for ::1 at 2020-02-04 21:09:23 -0800
  [1m[35m (0.9ms)[0m  [1m[34mSELECT "schema_migrations"."version" FROM "schema_migrations" ORDER BY "schema_migrations"."version" ASC[0m
Processing by BookmarksController#index as */*
  [1m[36mBookmark Load (1.5ms)[0m  [1m[34mSELECT "bookmarks".* FROM "bookmarks"[0m
  ↳ app/controllers/bookmarks_controller.rb:8:in `index'
Completed 200 OK in 27ms (Views: 9.9ms | ActiveRecord: 8.2ms | Allocations: 6346)


Started GET "/bookmarks" for ::1 at 2020-02-04 21:10:11 -0800
Processing by BookmarksController#index as */*
  [1m[36mBookmark Load (0.6ms)[0m  [1m[34mSELECT "bookmarks".* FROM "bookmarks"[0m
  ↳ app/controllers/bookmarks_controller.rb:8:in `index'
Completed 200 OK in 4ms (Views: 3.5ms | ActiveRecord: 0.6ms | Allocations: 1565)


Started GET "/bookmarks" for ::1 at 2020-02-04 21:11:05 -0800
Processing by BookmarksController#index as */*
  [1m[36mBookmark Load (1.7ms)[0m  [1m[34mSELECT "bookmarks".* FROM "bookmarks"[0m
  ↳ app/controllers/bookmarks_controller.rb:8:in `index'
Completed 200 OK in 5ms (Views: 2.7ms | ActiveRecord: 1.7ms | Allocations: 1565)


Started GET "/bookmarks" for ::1 at 2020-02-04 21:11:10 -0800
Processing by BookmarksController#index as */*
  [1m[36mBookmark Load (0.6ms)[0m  [1m[34mSELECT "bookmarks".* FROM "bookmarks"[0m
  ↳ app/controllers/bookmarks_controller.rb:8:in `index'
Completed 200 OK in 3ms (Views: 2.0ms | ActiveRecord: 0.6ms | Allocations: 1547)


Started GET "/bookmarks" for ::1 at 2020-02-04 21:11:21 -0800
Processing by BookmarksController#index as */*
  [1m[36mBookmark Load (0.3ms)[0m  [1m[34mSELECT "bookmarks".* FROM "bookmarks"[0m
  ↳ app/controllers/bookmarks_controller.rb:8:in `index'
Completed 200 OK in 4ms (Views: 3.3ms | ActiveRecord: 0.3ms | Allocations: 1565)


Started GET "/bookmarks" for ::1 at 2020-02-04 21:11:57 -0800
Processing by BookmarksController#index as */*
  [1m[36mBookmark Load (0.9ms)[0m  [1m[34mSELECT "bookmarks".* FROM "bookmarks"[0m
  ↳ app/controllers/bookmarks_controller.rb:8:in `index'
Completed 200 OK in 5ms (Views: 3.5ms | ActiveRecord: 0.9ms | Allocations: 1565)


Started GET "/bookmarks" for ::1 at 2020-02-04 21:12:17 -0800
Processing by BookmarksController#index as */*
  [1m[36mBookmark Load (0.9ms)[0m  [1m[34mSELECT "bookmarks".* FROM "bookmarks"[0m
  ↳ app/controllers/bookmarks_controller.rb:8:in `index'
Completed 200 OK in 4ms (Views: 2.5ms | ActiveRecord: 0.9ms | Allocations: 1547)


Started GET "/bookmarks" for ::1 at 2020-02-04 21:12:20 -0800
Processing by BookmarksController#index as */*
  [1m[36mBookmark Load (0.5ms)[0m  [1m[34mSELECT "bookmarks".* FROM "bookmarks"[0m
  ↳ app/controllers/bookmarks_controller.rb:8:in `index'
Completed 200 OK in 4ms (Views: 2.9ms | ActiveRecord: 0.5ms | Allocations: 1547)


Started GET "/bookmarks" for ::1 at 2020-02-04 21:12:54 -0800
Processing by BookmarksController#index as */*
  [1m[36mBookmark Load (0.4ms)[0m  [1m[34mSELECT "bookmarks".* FROM "bookmarks"[0m
  ↳ app/controllers/bookmarks_controller.rb:8:in `index'
Completed 200 OK in 4ms (Views: 3.8ms | ActiveRecord: 0.4ms | Allocations: 1547)


Started GET "/bookmarks" for ::1 at 2020-02-04 21:13:20 -0800
Processing by BookmarksController#index as */*
  [1m[36mBookmark Load (0.6ms)[0m  [1m[34mSELECT "bookmarks".* FROM "bookmarks"[0m
  ↳ app/controllers/bookmarks_controller.rb:8:in `index'
Completed 200 OK in 3ms (Views: 2.4ms | ActiveRecord: 0.6ms | Allocations: 1547)


Started GET "/bookmarks" for ::1 at 2020-02-04 21:16:40 -0800
Processing by BookmarksController#index as */*
  [1m[36mBookmark Load (0.8ms)[0m  [1m[34mSELECT "bookmarks".* FROM "bookmarks"[0m
  ↳ app/controllers/bookmarks_controller.rb:8:in `index'
Completed 200 OK in 4ms (Views: 2.5ms | ActiveRecord: 0.8ms | Allocations: 1547)


Started GET "/bookmarks" for ::1 at 2020-02-04 21:17:05 -0800
Processing by BookmarksController#index as */*
  [1m[36mBookmark Load (0.4ms)[0m  [1m[34mSELECT "bookmarks".* FROM "bookmarks"[0m
  ↳ app/controllers/bookmarks_controller.rb:8:in `index'
Completed 200 OK in 3ms (Views: 2.5ms | ActiveRecord: 0.4ms | Allocations: 1547)


Started GET "/bookmarks" for ::1 at 2020-02-04 21:17:13 -0800
Processing by BookmarksController#index as */*
  [1m[36mBookmark Load (0.4ms)[0m  [1m[34mSELECT "bookmarks".* FROM "bookmarks"[0m
  ↳ app/controllers/bookmarks_controller.rb:8:in `index'
Completed 200 OK in 3ms (Views: 2.1ms | ActiveRecord: 0.4ms | Allocations: 1547)


Started GET "/bookmarks" for ::1 at 2020-02-04 21:17:35 -0800
Processing by BookmarksController#index as */*
  [1m[36mBookmark Load (0.6ms)[0m  [1m[34mSELECT "bookmarks".* FROM "bookmarks"[0m
  ↳ app/controllers/bookmarks_controller.rb:8:in `index'
Completed 200 OK in 4ms (Views: 2.9ms | ActiveRecord: 0.6ms | Allocations: 1547)


Started GET "/bookmarks" for ::1 at 2020-02-04 21:18:12 -0800
Processing by BookmarksController#index as */*
  [1m[36mBookmark Load (0.3ms)[0m  [1m[34mSELECT "bookmarks".* FROM "bookmarks"[0m
  ↳ app/controllers/bookmarks_controller.rb:8:in `index'
Completed 200 OK in 3ms (Views: 2.6ms | ActiveRecord: 0.3ms | Allocations: 1547)


Started GET "/bookmarks" for ::1 at 2020-02-04 21:18:54 -0800
Processing by BookmarksController#index as */*
  [1m[36mBookmark Load (0.3ms)[0m  [1m[34mSELECT "bookmarks".* FROM "bookmarks"[0m
  ↳ app/controllers/bookmarks_controller.rb:8:in `index'
Completed 200 OK in 3ms (Views: 2.3ms | ActiveRecord: 0.3ms | Allocations: 1547)


Started GET "/bookmarks" for ::1 at 2020-02-04 21:19:32 -0800
Processing by BookmarksController#index as */*
  [1m[36mBookmark Load (2.2ms)[0m  [1m[34mSELECT "bookmarks".* FROM "bookmarks"[0m
  ↳ app/controllers/bookmarks_controller.rb:8:in `index'
Completed 200 OK in 6ms (Views: 3.9ms | ActiveRecord: 2.2ms | Allocations: 1547)


Started GET "/bookmarks" for ::1 at 2020-02-04 21:20:59 -0800
Processing by BookmarksController#index as */*
  [1m[36mBookmark Load (0.5ms)[0m  [1m[34mSELECT "bookmarks".* FROM "bookmarks"[0m
  ↳ app/controllers/bookmarks_controller.rb:8:in `index'
Completed 200 OK in 3ms (Views: 2.1ms | ActiveRecord: 0.5ms | Allocations: 1547)


Started GET "/bookmarks" for ::1 at 2020-02-04 21:23:23 -0800
Processing by BookmarksController#index as */*
  [1m[36mBookmark Load (1.0ms)[0m  [1m[34mSELECT "bookmarks".* FROM "bookmarks"[0m
  ↳ app/controllers/bookmarks_controller.rb:8:in `index'
Completed 200 OK in 4ms (Views: 2.6ms | ActiveRecord: 1.0ms | Allocations: 1547)


Started GET "/bookmarks" for ::1 at 2020-02-04 21:24:02 -0800
Processing by BookmarksController#index as */*
  [1m[36mBookmark Load (0.8ms)[0m  [1m[34mSELECT "bookmarks".* FROM "bookmarks"[0m
  ↳ app/controllers/bookmarks_controller.rb:8:in `index'
Completed 200 OK in 4ms (Views: 3.3ms | ActiveRecord: 0.8ms | Allocations: 1547)


Started GET "/bookmarks" for ::1 at 2020-02-04 21:24:03 -0800
Processing by BookmarksController#index as */*
  [1m[36mBookmark Load (0.5ms)[0m  [1m[34mSELECT "bookmarks".* FROM "bookmarks"[0m
  ↳ app/controllers/bookmarks_controller.rb:8:in `index'
Completed 200 OK in 5ms (Views: 4.2ms | ActiveRecord: 0.5ms | Allocations: 1547)


Started GET "/bookmarks" for ::1 at 2020-02-04 21:28:05 -0800
Processing by BookmarksController#index as */*
  [1m[36mBookmark Load (0.5ms)[0m  [1m[34mSELECT "bookmarks".* FROM "bookmarks"[0m
  ↳ app/controllers/bookmarks_controller.rb:8:in `index'
Completed 200 OK in 3ms (Views: 2.4ms | ActiveRecord: 0.5ms | Allocations: 1547)


Started GET "/bookmarks" for ::1 at 2020-02-04 21:28:21 -0800
Processing by BookmarksController#index as */*
  [1m[36mBookmark Load (0.3ms)[0m  [1m[34mSELECT "bookmarks".* FROM "bookmarks"[0m
  ↳ app/controllers/bookmarks_controller.rb:8:in `index'
Completed 200 OK in 3ms (Views: 2.2ms | ActiveRecord: 0.3ms | Allocations: 1547)


Started GET "/bookmarks" for ::1 at 2020-02-04 21:28:42 -0800
Processing by BookmarksController#index as */*
  [1m[36mBookmark Load (0.4ms)[0m  [1m[34mSELECT "bookmarks".* FROM "bookmarks"[0m
  ↳ app/controllers/bookmarks_controller.rb:8:in `index'
Completed 200 OK in 3ms (Views: 2.1ms | ActiveRecord: 0.4ms | Allocations: 1547)


Started GET "/bookmarks" for ::1 at 2020-02-04 21:28:56 -0800
Processing by BookmarksController#index as */*
  [1m[36mBookmark Load (0.5ms)[0m  [1m[34mSELECT "bookmarks".* FROM "bookmarks"[0m
  ↳ app/controllers/bookmarks_controller.rb:8:in `index'
Completed 200 OK in 4ms (Views: 3.7ms | ActiveRecord: 0.5ms | Allocations: 1547)


Started GET "/bookmarks" for ::1 at 2020-02-04 21:29:17 -0800
Processing by BookmarksController#index as */*
  [1m[36mBookmark Load (0.4ms)[0m  [1m[34mSELECT "bookmarks".* FROM "bookmarks"[0m
  ↳ app/controllers/bookmarks_controller.rb:8:in `index'
Completed 200 OK in 4ms (Views: 3.3ms | ActiveRecord: 0.4ms | Allocations: 1547)


Started GET "/bookmarks" for ::1 at 2020-02-04 21:29:21 -0800
Processing by BookmarksController#index as */*
  [1m[36mBookmark Load (0.5ms)[0m  [1m[34mSELECT "bookmarks".* FROM "bookmarks"[0m
  ↳ app/controllers/bookmarks_controller.rb:8:in `index'
Completed 200 OK in 4ms (Views: 3.6ms | ActiveRecord: 0.5ms | Allocations: 1547)


Started GET "/bookmarks" for ::1 at 2020-02-04 21:29:22 -0800
Processing by BookmarksController#index as */*
  [1m[36mBookmark Load (0.7ms)[0m  [1m[34mSELECT "bookmarks".* FROM "bookmarks"[0m
  ↳ app/controllers/bookmarks_controller.rb:8:in `index'
Completed 200 OK in 22ms (Views: 20.4ms | ActiveRecord: 0.7ms | Allocations: 1548)


Started GET "/bookmarks" for ::1 at 2020-02-04 21:29:36 -0800
Processing by BookmarksController#index as */*
  [1m[36mBookmark Load (0.9ms)[0m  [1m[34mSELECT "bookmarks".* FROM "bookmarks"[0m
  ↳ app/controllers/bookmarks_controller.rb:8:in `index'
Completed 200 OK in 5ms (Views: 3.4ms | ActiveRecord: 0.9ms | Allocations: 1547)


Started GET "/bookmarks" for ::1 at 2020-02-04 21:29:39 -0800
Processing by BookmarksController#index as */*
  [1m[36mBookmark Load (1.5ms)[0m  [1m[34mSELECT "bookmarks".* FROM "bookmarks"[0m
  ↳ app/controllers/bookmarks_controller.rb:8:in `index'
Completed 200 OK in 4ms (Views: 2.4ms | ActiveRecord: 1.5ms | Allocations: 1547)


Started GET "/bookmarks" for ::1 at 2020-02-04 21:29:41 -0800
Processing by BookmarksController#index as */*
  [1m[36mBookmark Load (1.3ms)[0m  [1m[34mSELECT "bookmarks".* FROM "bookmarks"[0m
  ↳ app/controllers/bookmarks_controller.rb:8:in `index'
Completed 200 OK in 5ms (Views: 3.5ms | ActiveRecord: 1.3ms | Allocations: 1547)


Started GET "/bookmarks" for ::1 at 2020-02-04 21:30:47 -0800
Processing by BookmarksController#index as */*
  [1m[36mBookmark Load (0.8ms)[0m  [1m[34mSELECT "bookmarks".* FROM "bookmarks"[0m
  ↳ app/controllers/bookmarks_controller.rb:8:in `index'
Completed 200 OK in 4ms (Views: 2.4ms | ActiveRecord: 0.8ms | Allocations: 1547)


